<?xml version="1.0" encoding="UTF-8"?>
<!-- Generated by org.testng.reporters.JUnitReportReporter -->
<testsuite hostname="LAPTOP-ME6M6UOK" failures="0" tests="10" name="com.sevenrmartsupermarket.tests.AdminUsersTest" time="55.167" errors="0" timestamp="2024-07-23T09:13:08 IST" skipped="0">
  <testcase classname="com.sevenrmartsupermarket.tests.AdminUsersTest" name="verifyUnsuccessfulNewAdminUserCreation" time="3.773"/>
  <testcase classname="com.sevenrmartsupermarket.tests.AdminUsersTest" name="verifySearchOfAPerson" time="5.273"/>
  <testcase classname="com.sevenrmartsupermarket.tests.AdminUsersTest" name="verifySuccessfulDeletionofNewAdminUser" time="3.884"/>
  <testcase classname="com.sevenrmartsupermarket.tests.AdminUsersTest" name="verifyUserTypeofNewUser" time="3.993"/>
  <testcase classname="com.sevenrmartsupermarket.tests.AdminUsersTest" name="verifyAdminUsersTitle" time="3.576"/>
  <testcase classname="com.sevenrmartsupermarket.tests.AdminUsersTest" name="verifyAlertMsgIsClosedWhileClickingOnResetBtn" time="13.766"/>
  <testcase classname="com.sevenrmartsupermarket.tests.AdminUsersTest" name="verifySuccessfullUpdationofAUser" time="5.030"/>
  <testcase classname="com.sevenrmartsupermarket.tests.AdminUsersTest" name="verifyTableStatusElementofAUserIsClickable" time="4.469"/>
  <testcase classname="com.sevenrmartsupermarket.tests.AdminUsersTest" name="verifySuccessfullDeletionofAUser" time="4.621"/>
  <testcase classname="com.sevenrmartsupermarket.tests.AdminUsersTest" name="verifySuccessfulNewAdminUserCreation" time="6.782"/>
</testsuite> <!-- com.sevenrmartsupermarket.tests.AdminUsersTest -->
