<?xml version="1.0" encoding="UTF-8"?>
<!-- Generated by org.testng.reporters.JUnitReportReporter -->
<testsuite hostname="LAPTOP-ME6M6UOK" failures="0" tests="1" name="com.sevenrmartsupermarket.tests.DashBoardTest" time="6.966" errors="0" timestamp="2024-07-23T08:33:23 IST" skipped="0">
  <testcase classname="com.sevenrmartsupermarket.tests.DashBoardTest" name="verifyInvisibleMarginContentTxtsWillVisibleAftrMouseOvrToMargin" time="6.966"/>
</testsuite> <!-- com.sevenrmartsupermarket.tests.DashBoardTest -->
