<?xml version="1.0" encoding="UTF-8"?>
<!-- Generated by org.testng.reporters.JUnitReportReporter -->
<testsuite hostname="LAPTOP-ME6M6UOK" failures="0" tests="2" name="com.sevenrmartsupermarket.tests.LoginTest" time="16.043" errors="0" timestamp="2024-07-23T07:05:14 IST" skipped="0">
  <testcase classname="com.sevenrmartsupermarket.tests.LoginTest" name="verifyLogin" time="5.515"/>
  <testcase classname="com.sevenrmartsupermarket.tests.LoginTest" name="verifyLogin" time="10.528"/>
</testsuite> <!-- com.sevenrmartsupermarket.tests.LoginTest -->
